irun(64): 15.20-s086: (c) Copyright 1995-2020 Cadence Design Systems, Inc.
TOOL:	irun(64)	15.20-s086: Started on Feb 19, 2025 at 15:01:03 -03
irun
	-access +r
	-uvm
	+uvm_set_config_int=*,recording_detail,1
	design.sv
	testbench.sv
	+UVM_VERBOSITY=LOW
	-timescale 1ns/1ps

   User defined plus("+") options:
	+uvm_set_config_int=*,recording_detail,1
	+UVM_VERBOSITY=LOW

		Caching library 'worklib' ....... Done
	Elaborating the design hierarchy:
	Top level design units:
		uvm_pkg
		cdns_uvmapi
		cdns_assert2uvm_pkg
		cdns_uvm_pkg
		$unit_0x67f934e9
		top
ncelab: *W,DSEMEL: This SystemVerilog design will be simulated as per IEEE 1800-2009 SystemVerilog simulation semantics. Use -disable_sem2009 option for turning off SV 2009 simulation semantics.
	Building instance overlay tables: .................... Done
	Generating native compiled code:
		worklib.\$unit_0x67f934e9 :compilation_unit <0x0fa1ba88>
			streams:   0, words:     0
		worklib.\$unit_0x67f934e9 :compilation_unit <0x13128e76>
			streams:  25, words: 33307
		worklib.alu:sv <0x5b72ccfa>
			streams:   5, words:  1867
		worklib.cdns_assert2uvm_pkg:sv <0x0ff8c48e>
			streams:   3, words:  2639
		worklib.cdns_uvm_pkg:sv <0x042bf0db>
			streams:   9, words:  6436
		worklib.cdns_uvm_pkg:sv <0x556ae697>
			streams:  28, words: 46637
		worklib.cdns_uvm_pkg:sv <0x5d5a2e14>
			streams: 136, words: 297517
		worklib.cdns_uvm_pkg:sv <0x75b46ce9>
			streams:  10, words:  9567
		worklib.cdns_uvmapi:svp <0x4720a360>
			streams:  27, words: 38295
		worklib.top:sv <0x40cdaba5>
			streams:  80, words: 139492
		worklib.uvm_pkg:sv <0x0406ae4e>
			streams:  52, words: 63226
		worklib.uvm_pkg:sv <0x055847f6>
			streams:  28, words: 36794
		worklib.uvm_pkg:sv <0x0ce69ff7>
			streams:  17, words: 18882
		worklib.uvm_pkg:sv <0x11a8b5d4>
			streams:   8, words:  8608
		worklib.uvm_pkg:sv <0x162bde5a>
			streams:  27, words: 45373
		worklib.uvm_pkg:sv <0x19c39aea>
			streams: 312, words: 506259
		worklib.uvm_pkg:sv <0x1a052135>
			streams:  26, words: 58656
		worklib.uvm_pkg:sv <0x1e6ccd8e>
			streams:  27, words: 34211
		worklib.uvm_pkg:sv <0x27102504>
			streams:  25, words: 69451
		worklib.uvm_pkg:sv <0x2e08b8ee>
			streams:  25, words: 67033
		worklib.uvm_pkg:sv <0x31c71917>
			streams:   7, words:  7967
		worklib.uvm_pkg:sv <0x33a71142>
			streams:  26, words: 40358
		worklib.uvm_pkg:sv <0x3ca4bb31>
			streams:  24, words: 27588
		worklib.uvm_pkg:sv <0x3fe5b5fa>
			streams: 4718, words: 10653485
		worklib.uvm_pkg:sv <0x47b40719>
			streams:   9, words:  3363
		worklib.uvm_pkg:sv <0x480ed664>
			streams:  27, words: 55779
		worklib.uvm_pkg:sv <0x4c8755c4>
			streams:  26, words: 42905
		worklib.uvm_pkg:sv <0x4ea88136>
			streams:   7, words:  1863
		worklib.uvm_pkg:sv <0x4f7e3fca>
			streams:  29, words: 121967
		worklib.uvm_pkg:sv <0x50a59d00>
			streams:  25, words: 63122
		worklib.uvm_pkg:sv <0x51d287e0>
			streams:   7, words:  3230
		worklib.uvm_pkg:sv <0x52564d79>
			streams:  27, words: 43114
		worklib.uvm_pkg:sv <0x5327ab72>
			streams:   7, words:  3230
		worklib.uvm_pkg:sv <0x53494f95>
			streams:  27, words: 48536
		worklib.uvm_pkg:sv <0x53b2e0ac>
			streams:  25, words: 32426
		worklib.uvm_pkg:sv <0x5534e66b>
			streams:   7, words:  1863
		worklib.uvm_pkg:sv <0x58420c54>
			streams:  71, words: 153928
		worklib.uvm_pkg:sv <0x5a406fc4>
			streams:   7, words:  2385
		worklib.uvm_pkg:sv <0x5e4ce454>
			streams:  25, words: 33044
		worklib.uvm_pkg:sv <0x5f9e5e1e>
			streams:  25, words: 71098
		worklib.uvm_pkg:sv <0x61da5f29>
			streams:  25, words: 62303
		worklib.uvm_pkg:sv <0x6366893b>
			streams:   7, words:  3230
		worklib.uvm_pkg:sv <0x69e7bd30>
			streams:  25, words: 39057
		worklib.uvm_pkg:sv <0x6a121b27>
			streams:  16, words: 26899
		worklib.uvm_pkg:sv <0x6a659297>
			streams:   8, words:  9053
		worklib.uvm_pkg:sv <0x6cd9dfc5>
			streams:  34, words: 45922
		worklib.uvm_pkg:sv <0x7116d118>
			streams:   9, words:  5977
		worklib.uvm_pkg:sv <0x715af1c9>
			streams:  23, words: 31599
		worklib.uvm_pkg:sv <0x737224a7>
			streams:  25, words: 44198
		worklib.uvm_pkg:sv <0x750fd212>
			streams:  22, words: 68993
		worklib.uvm_pkg:sv <0x77d54b5d>
			streams:  25, words: 33269
		worklib.uvm_pkg:sv <0x788d975b>
			streams:  27, words: 46271
		worklib.uvm_pkg:sv <0x7a48c345>
			streams:  25, words: 64671
	Building instance specific data structures.
	Loading native compiled code:     .................... Done
	Design hierarchy summary:
		                       Instances  Unique
		Modules:                       2       2
		Interfaces:                    1       1
		Verilog packages:              4       4
		Registers:                 13975   10201
		Scalar wires:                  4       -
		Vectored wires:                6       -
		Named events:                  4      12
		Always blocks:                 2       2
		Initial blocks:              289     159
		Parallel blocks:              26      27
		Cont. assignments:             1       1
		Pseudo assignments:            7       7
		Assertions:                    2       2
		Compilation units:             1       1
		SV Class declarations:       199     313
		SV Class specializations:    382     382
		Simulation timescale:        1ps
	Writing initial simulation snapshot: worklib.top:sv
ncelab: *W,DPIEXP: DPI export function in  _sv_export.so not available.
Loading snapshot worklib.top:sv .................... Done
SVSEED default: 1
ncsim: *E,IMPDLL: Unable to load the implicit shared object.
OSDLERROR: (null)/top/sv/_sv_export.so: cannot open shared object file: No such file or directory or file is not valid ELFCLASS64 library..
ncsim: *W,DSEM2009: This SystemVerilog design is simulated as per IEEE 1800-2009 SystemVerilog simulation semantics. Use -disable_sem2009 option for turning off SV 2009 simulation semantics.
ncsim> source /home/tools/cadence/installs/INCISIVE152/tools/inca/files/ncsimrc
ncsim> source /home/tools/cadence/installs/INCISIVE152/tools/methodology/UVM/CDNS-1.1d/additions/sv/files/tcl/uvm_sim.tcl
ncsim> run
----------------------------------------------------------------
CDNS-UVM-1.1d (15.20-s086)
(C) 2007-2013 Mentor Graphics Corporation
(C) 2007-2013 Cadence Design Systems, Inc.
(C) 2006-2013 Synopsys, Inc.
(C) 2011-2013 Cypress Semiconductor Corp.
----------------------------------------------------------------

  ***********       IMPORTANT RELEASE NOTES         ************

  You are using a version of the UVM library that has been compiled
  with `UVM_NO_DEPRECATED undefined.
  See http://www.eda.org/svdb/view.php?id=3313 for more details.

  You are using a version of the UVM library that has been compiled
  with `UVM_OBJECT_MUST_HAVE_CONSTRUCTOR undefined.
  See http://www.eda.org/svdb/view.php?id=3770 for more details.

      (Specify +UVM_NO_RELNOTES to turn off this notice)

UVM_INFO @ 0: reporter [RNTST] Running test alu_test...
UVM_INFO @ 0: reporter [UVM_CMDLINE_PROC] Applying config setting from the command line: +uvm_set_config_int=*,recording_detail,1
SDI/Verilog Transaction Recording Facility Version 15.20-s086
UVM_INFO scoreboard.sv(105) @ 25000: uvm_test_top.env.scb [COMPARE] Transaction Passed! ACT= 16, EXP= 16
UVM_INFO scoreboard.sv(105) @ 33000: uvm_test_top.env.scb [COMPARE] Transaction Passed! ACT= 16, EXP= 16
UVM_INFO scoreboard.sv(105) @ 41000: uvm_test_top.env.scb [COMPARE] Transaction Passed! ACT= 45, EXP= 45
UVM_INFO scoreboard.sv(105) @ 49000: uvm_test_top.env.scb [COMPARE] Transaction Passed! ACT= 13, EXP= 13
UVM_INFO scoreboard.sv(105) @ 57000: uvm_test_top.env.scb [COMPARE] Transaction Passed! ACT= 13, EXP= 13
UVM_INFO scoreboard.sv(105) @ 65000: uvm_test_top.env.scb [COMPARE] Transaction Passed! ACT= 14, EXP= 14
UVM_INFO scoreboard.sv(105) @ 73000: uvm_test_top.env.scb [COMPARE] Transaction Passed! ACT= 18, EXP= 18
UVM_INFO scoreboard.sv(105) @ 81000: uvm_test_top.env.scb [COMPARE] Transaction Passed! ACT= 18, EXP= 18
UVM_INFO scoreboard.sv(105) @ 89000: uvm_test_top.env.scb [COMPARE] Transaction Passed! ACT=  2, EXP=  2
UVM_INFO scoreboard.sv(105) @ 97000: uvm_test_top.env.scb [COMPARE] Transaction Passed! ACT= 12, EXP= 12
UVM_INFO scoreboard.sv(105) @ 105000: uvm_test_top.env.scb [COMPARE] Transaction Passed! ACT= 12, EXP= 12
UVM_INFO scoreboard.sv(105) @ 113000: uvm_test_top.env.scb [COMPARE] Transaction Passed! ACT= 45, EXP= 45
UVM_INFO scoreboard.sv(105) @ 121000: uvm_test_top.env.scb [COMPARE] Transaction Passed! ACT= 11, EXP= 11
UVM_INFO scoreboard.sv(105) @ 129000: uvm_test_top.env.scb [COMPARE] Transaction Passed! ACT= 11, EXP= 11
UVM_INFO scoreboard.sv(105) @ 137000: uvm_test_top.env.scb [COMPARE] Transaction Passed! ACT= 20, EXP= 20
UVM_INFO scoreboard.sv(105) @ 145000: uvm_test_top.env.scb [COMPARE] Transaction Passed! ACT= 13, EXP= 13
UVM_INFO scoreboard.sv(105) @ 153000: uvm_test_top.env.scb [COMPARE] Transaction Passed! ACT= 13, EXP= 13
UVM_INFO scoreboard.sv(105) @ 161000: uvm_test_top.env.scb [COMPARE] Transaction Passed! ACT= 98, EXP= 98
UVM_INFO scoreboard.sv(105) @ 169000: uvm_test_top.env.scb [COMPARE] Transaction Passed! ACT=  7, EXP=  7
UVM_INFO scoreboard.sv(105) @ 177000: uvm_test_top.env.scb [COMPARE] Transaction Passed! ACT=  7, EXP=  7
UVM_INFO scoreboard.sv(105) @ 185000: uvm_test_top.env.scb [COMPARE] Transaction Passed! ACT=  7, EXP=  7
UVM_INFO scoreboard.sv(105) @ 193000: uvm_test_top.env.scb [COMPARE] Transaction Passed! ACT= 22, EXP= 22
UVM_INFO scoreboard.sv(105) @ 201000: uvm_test_top.env.scb [COMPARE] Transaction Passed! ACT= 22, EXP= 22
UVM_INFO scoreboard.sv(105) @ 209000: uvm_test_top.env.scb [COMPARE] Transaction Passed! ACT=  2, EXP=  2
UVM_INFO scoreboard.sv(105) @ 217000: uvm_test_top.env.scb [COMPARE] Transaction Passed! ACT= 16, EXP= 16
UVM_INFO scoreboard.sv(105) @ 225000: uvm_test_top.env.scb [COMPARE] Transaction Passed! ACT= 16, EXP= 16
UVM_INFO scoreboard.sv(105) @ 233000: uvm_test_top.env.scb [COMPARE] Transaction Passed! ACT=160, EXP=160
UVM_INFO scoreboard.sv(105) @ 241000: uvm_test_top.env.scb [COMPARE] Transaction Passed! ACT=  1, EXP=  1
UVM_INFO scoreboard.sv(105) @ 249000: uvm_test_top.env.scb [COMPARE] Transaction Passed! ACT=  1, EXP=  1
UVM_INFO scoreboard.sv(105) @ 257000: uvm_test_top.env.scb [COMPARE] Transaction Passed! ACT=  4, EXP=  4
UVM_INFO scoreboard.sv(105) @ 265000: uvm_test_top.env.scb [COMPARE] Transaction Passed! ACT= 60, EXP= 60
UVM_INFO scoreboard.sv(105) @ 273000: uvm_test_top.env.scb [COMPARE] Transaction Passed! ACT= 60, EXP= 60
UVM_INFO scoreboard.sv(105) @ 281000: uvm_test_top.env.scb [COMPARE] Transaction Passed! ACT= 21, EXP= 21
UVM_INFO scoreboard.sv(105) @ 289000: uvm_test_top.env.scb [COMPARE] Transaction Passed! ACT= 22, EXP= 22
UVM_INFO scoreboard.sv(105) @ 297000: uvm_test_top.env.scb [COMPARE] Transaction Passed! ACT= 22, EXP= 22
UVM_INFO scoreboard.sv(105) @ 305000: uvm_test_top.env.scb [COMPARE] Transaction Passed! ACT= 18, EXP= 18
UVM_INFO scoreboard.sv(105) @ 313000: uvm_test_top.env.scb [COMPARE] Transaction Passed! ACT=  2, EXP=  2
UVM_INFO scoreboard.sv(105) @ 321000: uvm_test_top.env.scb [COMPARE] Transaction Passed! ACT=  2, EXP=  2
UVM_INFO scoreboard.sv(105) @ 329000: uvm_test_top.env.scb [COMPARE] Transaction Passed! ACT=  6, EXP=  6
UVM_INFO scoreboard.sv(105) @ 337000: uvm_test_top.env.scb [COMPARE] Transaction Passed! ACT=  5, EXP=  5
UVM_INFO scoreboard.sv(105) @ 345000: uvm_test_top.env.scb [COMPARE] Transaction Passed! ACT=  5, EXP=  5
UVM_INFO scoreboard.sv(105) @ 353000: uvm_test_top.env.scb [COMPARE] Transaction Passed! ACT=  5, EXP=  5
UVM_INFO scoreboard.sv(105) @ 361000: uvm_test_top.env.scb [COMPARE] Transaction Passed! ACT=  3, EXP=  3
UVM_INFO scoreboard.sv(105) @ 369000: uvm_test_top.env.scb [COMPARE] Transaction Passed! ACT=  3, EXP=  3
UVM_INFO scoreboard.sv(105) @ 377000: uvm_test_top.env.scb [COMPARE] Transaction Passed! ACT=  7, EXP=  7
UVM_INFO scoreboard.sv(105) @ 385000: uvm_test_top.env.scb [COMPARE] Transaction Passed! ACT= 14, EXP= 14
UVM_INFO scoreboard.sv(105) @ 393000: uvm_test_top.env.scb [COMPARE] Transaction Passed! ACT= 14, EXP= 14
UVM_INFO scoreboard.sv(105) @ 401000: uvm_test_top.env.scb [COMPARE] Transaction Passed! ACT= 22, EXP= 22
UVM_INFO scoreboard.sv(105) @ 409000: uvm_test_top.env.scb [COMPARE] Transaction Passed! ACT=  9, EXP=  9
UVM_INFO scoreboard.sv(105) @ 417000: uvm_test_top.env.scb [COMPARE] Transaction Passed! ACT=  9, EXP=  9
UVM_INFO scoreboard.sv(105) @ 425000: uvm_test_top.env.scb [COMPARE] Transaction Passed! ACT= 25, EXP= 25
UVM_INFO scoreboard.sv(105) @ 433000: uvm_test_top.env.scb [COMPARE] Transaction Passed! ACT= 18, EXP= 18
UVM_INFO scoreboard.sv(105) @ 441000: uvm_test_top.env.scb [COMPARE] Transaction Passed! ACT= 18, EXP= 18
UVM_INFO scoreboard.sv(105) @ 449000: uvm_test_top.env.scb [COMPARE] Transaction Passed! ACT=  5, EXP=  5
UVM_INFO scoreboard.sv(105) @ 457000: uvm_test_top.env.scb [COMPARE] Transaction Passed! ACT= 18, EXP= 18
UVM_INFO scoreboard.sv(105) @ 465000: uvm_test_top.env.scb [COMPARE] Transaction Passed! ACT= 18, EXP= 18
UVM_INFO scoreboard.sv(105) @ 473000: uvm_test_top.env.scb [COMPARE] Transaction Passed! ACT=126, EXP=126
UVM_INFO scoreboard.sv(105) @ 481000: uvm_test_top.env.scb [COMPARE] Transaction Passed! ACT=102, EXP=102
UVM_INFO scoreboard.sv(105) @ 489000: uvm_test_top.env.scb [COMPARE] Transaction Passed! ACT=102, EXP=102
UVM_INFO scoreboard.sv(105) @ 497000: uvm_test_top.env.scb [COMPARE] Transaction Passed! ACT=  2, EXP=  2
UVM_INFO scoreboard.sv(105) @ 505000: uvm_test_top.env.scb [COMPARE] Transaction Passed! ACT=  3, EXP=  3
UVM_INFO scoreboard.sv(105) @ 513000: uvm_test_top.env.scb [COMPARE] Transaction Passed! ACT=  3, EXP=  3
UVM_INFO scoreboard.sv(105) @ 521000: uvm_test_top.env.scb [COMPARE] Transaction Passed! ACT= 26, EXP= 26
UVM_INFO scoreboard.sv(105) @ 529000: uvm_test_top.env.scb [COMPARE] Transaction Passed! ACT=  2, EXP=  2
UVM_INFO scoreboard.sv(105) @ 537000: uvm_test_top.env.scb [COMPARE] Transaction Passed! ACT=  2, EXP=  2
UVM_INFO scoreboard.sv(105) @ 545000: uvm_test_top.env.scb [COMPARE] Transaction Passed! ACT=162, EXP=162
UVM_INFO scoreboard.sv(105) @ 553000: uvm_test_top.env.scb [COMPARE] Transaction Passed! ACT= 18, EXP= 18
UVM_INFO scoreboard.sv(105) @ 561000: uvm_test_top.env.scb [COMPARE] Transaction Passed! ACT= 18, EXP= 18
UVM_INFO scoreboard.sv(105) @ 569000: uvm_test_top.env.scb [COMPARE] Transaction Passed! ACT= 24, EXP= 24
UVM_INFO scoreboard.sv(105) @ 577000: uvm_test_top.env.scb [COMPARE] Transaction Passed! ACT= 24, EXP= 24
UVM_INFO scoreboard.sv(105) @ 585000: uvm_test_top.env.scb [COMPARE] Transaction Passed! ACT= 24, EXP= 24
UVM_INFO scoreboard.sv(105) @ 593000: uvm_test_top.env.scb [COMPARE] Transaction Passed! ACT= 26, EXP= 26
UVM_INFO scoreboard.sv(105) @ 601000: uvm_test_top.env.scb [COMPARE] Transaction Passed! ACT=  2, EXP=  2
UVM_INFO scoreboard.sv(105) @ 609000: uvm_test_top.env.scb [COMPARE] Transaction Passed! ACT=  2, EXP=  2
UVM_INFO scoreboard.sv(105) @ 617000: uvm_test_top.env.scb [COMPARE] Transaction Passed! ACT= 20, EXP= 20
UVM_INFO scoreboard.sv(105) @ 625000: uvm_test_top.env.scb [COMPARE] Transaction Passed! ACT=  2, EXP=  2
UVM_INFO scoreboard.sv(105) @ 633000: uvm_test_top.env.scb [COMPARE] Transaction Passed! ACT=  2, EXP=  2
UVM_INFO scoreboard.sv(105) @ 641000: uvm_test_top.env.scb [COMPARE] Transaction Passed! ACT= 19, EXP= 19
UVM_INFO scoreboard.sv(105) @ 649000: uvm_test_top.env.scb [COMPARE] Transaction Passed! ACT= 10, EXP= 10
UVM_INFO scoreboard.sv(105) @ 657000: uvm_test_top.env.scb [COMPARE] Transaction Passed! ACT= 10, EXP= 10
UVM_INFO scoreboard.sv(105) @ 665000: uvm_test_top.env.scb [COMPARE] Transaction Passed! ACT=  2, EXP=  2
UVM_INFO scoreboard.sv(105) @ 673000: uvm_test_top.env.scb [COMPARE] Transaction Passed! ACT= 72, EXP= 72
UVM_INFO scoreboard.sv(105) @ 681000: uvm_test_top.env.scb [COMPARE] Transaction Passed! ACT= 72, EXP= 72
UVM_INFO scoreboard.sv(105) @ 689000: uvm_test_top.env.scb [COMPARE] Transaction Passed! ACT= 16, EXP= 16
UVM_INFO scoreboard.sv(105) @ 697000: uvm_test_top.env.scb [COMPARE] Transaction Passed! ACT= 17, EXP= 17
UVM_INFO scoreboard.sv(105) @ 705000: uvm_test_top.env.scb [COMPARE] Transaction Passed! ACT= 17, EXP= 17
UVM_INFO scoreboard.sv(105) @ 713000: uvm_test_top.env.scb [COMPARE] Transaction Passed! ACT=  9, EXP=  9
UVM_INFO scoreboard.sv(105) @ 721000: uvm_test_top.env.scb [COMPARE] Transaction Passed! ACT= 11, EXP= 11
UVM_INFO scoreboard.sv(105) @ 729000: uvm_test_top.env.scb [COMPARE] Transaction Passed! ACT= 11, EXP= 11
UVM_INFO scoreboard.sv(105) @ 737000: uvm_test_top.env.scb [COMPARE] Transaction Passed! ACT=  0, EXP=  0
UVM_INFO scoreboard.sv(105) @ 745000: uvm_test_top.env.scb [COMPARE] Transaction Passed! ACT=160, EXP=160
UVM_INFO scoreboard.sv(105) @ 753000: uvm_test_top.env.scb [COMPARE] Transaction Passed! ACT=160, EXP=160
UVM_INFO scoreboard.sv(105) @ 761000: uvm_test_top.env.scb [COMPARE] Transaction Passed! ACT= 50, EXP= 50
UVM_INFO scoreboard.sv(105) @ 769000: uvm_test_top.env.scb [COMPARE] Transaction Passed! ACT= 19, EXP= 19
UVM_INFO scoreboard.sv(105) @ 777000: uvm_test_top.env.scb [COMPARE] Transaction Passed! ACT= 19, EXP= 19
UVM_INFO scoreboard.sv(105) @ 785000: uvm_test_top.env.scb [COMPARE] Transaction Passed! ACT=126, EXP=126
UVM_INFO scoreboard.sv(105) @ 793000: uvm_test_top.env.scb [COMPARE] Transaction Passed! ACT=  2, EXP=  2
UVM_INFO scoreboard.sv(105) @ 801000: uvm_test_top.env.scb [COMPARE] Transaction Passed! ACT=  2, EXP=  2
UVM_INFO scoreboard.sv(105) @ 809000: uvm_test_top.env.scb [COMPARE] Transaction Passed! ACT= 76, EXP= 76
UVM_INFO scoreboard.sv(105) @ 817000: uvm_test_top.env.scb [COMPARE] Transaction Passed! ACT= 18, EXP= 18
UVM_INFO scoreboard.sv(105) @ 825000: uvm_test_top.env.scb [COMPARE] Transaction Passed! ACT= 18, EXP= 18
UVM_INFO scoreboard.sv(105) @ 833000: uvm_test_top.env.scb [COMPARE] Transaction Passed! ACT= 50, EXP= 50
UVM_INFO scoreboard.sv(105) @ 841000: uvm_test_top.env.scb [COMPARE] Transaction Passed! ACT= 20, EXP= 20
UVM_INFO scoreboard.sv(105) @ 849000: uvm_test_top.env.scb [COMPARE] Transaction Passed! ACT= 20, EXP= 20
UVM_INFO scoreboard.sv(105) @ 857000: uvm_test_top.env.scb [COMPARE] Transaction Passed! ACT= 13, EXP= 13
UVM_INFO scoreboard.sv(105) @ 865000: uvm_test_top.env.scb [COMPARE] Transaction Passed! ACT= 18, EXP= 18
UVM_INFO scoreboard.sv(105) @ 873000: uvm_test_top.env.scb [COMPARE] Transaction Passed! ACT= 18, EXP= 18
UVM_INFO scoreboard.sv(105) @ 881000: uvm_test_top.env.scb [COMPARE] Transaction Passed! ACT=  7, EXP=  7
UVM_INFO scoreboard.sv(105) @ 889000: uvm_test_top.env.scb [COMPARE] Transaction Passed! ACT=  8, EXP=  8
UVM_INFO scoreboard.sv(105) @ 897000: uvm_test_top.env.scb [COMPARE] Transaction Passed! ACT=  8, EXP=  8
UVM_INFO scoreboard.sv(105) @ 905000: uvm_test_top.env.scb [COMPARE] Transaction Passed! ACT= 24, EXP= 24
UVM_INFO scoreboard.sv(105) @ 913000: uvm_test_top.env.scb [COMPARE] Transaction Passed! ACT=108, EXP=108
UVM_INFO scoreboard.sv(105) @ 921000: uvm_test_top.env.scb [COMPARE] Transaction Passed! ACT=108, EXP=108
UVM_INFO scoreboard.sv(105) @ 929000: uvm_test_top.env.scb [COMPARE] Transaction Passed! ACT=  2, EXP=  2
UVM_INFO scoreboard.sv(105) @ 937000: uvm_test_top.env.scb [COMPARE] Transaction Passed! ACT=  1, EXP=  1
UVM_INFO scoreboard.sv(105) @ 945000: uvm_test_top.env.scb [COMPARE] Transaction Passed! ACT=  1, EXP=  1
UVM_INFO scoreboard.sv(105) @ 953000: uvm_test_top.env.scb [COMPARE] Transaction Passed! ACT= 45, EXP= 45
UVM_INFO scoreboard.sv(105) @ 961000: uvm_test_top.env.scb [COMPARE] Transaction Passed! ACT=  1, EXP=  1
UVM_INFO scoreboard.sv(105) @ 969000: uvm_test_top.env.scb [COMPARE] Transaction Passed! ACT=  1, EXP=  1
UVM_INFO scoreboard.sv(105) @ 977000: uvm_test_top.env.scb [COMPARE] Transaction Passed! ACT= 25, EXP= 25
UVM_INFO scoreboard.sv(105) @ 985000: uvm_test_top.env.scb [COMPARE] Transaction Passed! ACT= 25, EXP= 25
UVM_INFO scoreboard.sv(105) @ 993000: uvm_test_top.env.scb [COMPARE] Transaction Passed! ACT= 25, EXP= 25
UVM_INFO scoreboard.sv(105) @ 1001000: uvm_test_top.env.scb [COMPARE] Transaction Passed! ACT= 85, EXP= 85
UVM_INFO scoreboard.sv(105) @ 1009000: uvm_test_top.env.scb [COMPARE] Transaction Passed! ACT= 27, EXP= 27
UVM_INFO scoreboard.sv(105) @ 1017000: uvm_test_top.env.scb [COMPARE] Transaction Passed! ACT= 27, EXP= 27
UVM_INFO scoreboard.sv(105) @ 1025000: uvm_test_top.env.scb [COMPARE] Transaction Passed! ACT= 22, EXP= 22
UVM_INFO scoreboard.sv(105) @ 1033000: uvm_test_top.env.scb [COMPARE] Transaction Passed! ACT= 22, EXP= 22
UVM_INFO scoreboard.sv(105) @ 1041000: uvm_test_top.env.scb [COMPARE] Transaction Passed! ACT= 22, EXP= 22
UVM_INFO scoreboard.sv(105) @ 1049000: uvm_test_top.env.scb [COMPARE] Transaction Passed! ACT=105, EXP=105
UVM_INFO scoreboard.sv(105) @ 1057000: uvm_test_top.env.scb [COMPARE] Transaction Passed! ACT= 17, EXP= 17
UVM_INFO scoreboard.sv(105) @ 1065000: uvm_test_top.env.scb [COMPARE] Transaction Passed! ACT= 17, EXP= 17
UVM_INFO scoreboard.sv(105) @ 1073000: uvm_test_top.env.scb [COMPARE] Transaction Passed! ACT= 19, EXP= 19
UVM_INFO scoreboard.sv(105) @ 1081000: uvm_test_top.env.scb [COMPARE] Transaction Passed! ACT= 19, EXP= 19
UVM_INFO scoreboard.sv(105) @ 1089000: uvm_test_top.env.scb [COMPARE] Transaction Passed! ACT= 19, EXP= 19
UVM_INFO scoreboard.sv(105) @ 1097000: uvm_test_top.env.scb [COMPARE] Transaction Passed! ACT=  5, EXP=  5
UVM_INFO scoreboard.sv(105) @ 1105000: uvm_test_top.env.scb [COMPARE] Transaction Passed! ACT=  2, EXP=  2
UVM_INFO scoreboard.sv(105) @ 1113000: uvm_test_top.env.scb [COMPARE] Transaction Passed! ACT=  2, EXP=  2
UVM_INFO scoreboard.sv(105) @ 1121000: uvm_test_top.env.scb [COMPARE] Transaction Passed! ACT=  6, EXP=  6
UVM_INFO scoreboard.sv(105) @ 1129000: uvm_test_top.env.scb [COMPARE] Transaction Passed! ACT= 17, EXP= 17
UVM_INFO scoreboard.sv(105) @ 1137000: uvm_test_top.env.scb [COMPARE] Transaction Passed! ACT= 17, EXP= 17
UVM_INFO scoreboard.sv(105) @ 1145000: uvm_test_top.env.scb [COMPARE] Transaction Passed! ACT= 26, EXP= 26
UVM_INFO scoreboard.sv(105) @ 1153000: uvm_test_top.env.scb [COMPARE] Transaction Passed! ACT= 13, EXP= 13
UVM_INFO scoreboard.sv(105) @ 1161000: uvm_test_top.env.scb [COMPARE] Transaction Passed! ACT= 13, EXP= 13
UVM_INFO scoreboard.sv(105) @ 1169000: uvm_test_top.env.scb [COMPARE] Transaction Passed! ACT= 19, EXP= 19
UVM_INFO scoreboard.sv(105) @ 1177000: uvm_test_top.env.scb [COMPARE] Transaction Passed! ACT=  6, EXP=  6
UVM_INFO scoreboard.sv(105) @ 1185000: uvm_test_top.env.scb [COMPARE] Transaction Passed! ACT=  6, EXP=  6
UVM_INFO scoreboard.sv(105) @ 1193000: uvm_test_top.env.scb [COMPARE] Transaction Passed! ACT= 12, EXP= 12
UVM_INFO scoreboard.sv(105) @ 1201000: uvm_test_top.env.scb [COMPARE] Transaction Passed! ACT= 11, EXP= 11
UVM_INFO scoreboard.sv(105) @ 1209000: uvm_test_top.env.scb [COMPARE] Transaction Passed! ACT= 11, EXP= 11
UVM_INFO /home/tools/cadence/installs/INCISIVE152/tools/methodology/UVM/CDNS-1.1d/sv/src/base/uvm_objection.svh(1268) @ 1215000: reporter [TEST_DONE] 'run' phase is ready to proceed to the 'extract' phase

--- UVM Report catcher Summary ---


Number of demoted UVM_FATAL reports  :    0
Number of demoted UVM_ERROR reports  :    0
Number of demoted UVM_WARNING reports:    0
Number of caught UVM_FATAL reports   :    0
Number of caught UVM_ERROR reports   :    0
Number of caught UVM_WARNING reports :    0

--- UVM Report Summary ---

** Report counts by severity
UVM_INFO :  152
UVM_WARNING :    0
UVM_ERROR :    0
UVM_FATAL :    0
** Report counts by id
[COMPARE]   149
[RNTST]     1
[TEST_DONE]     1
[UVM_CMDLINE_PROC]     1
Simulation complete via $finish(1) at time 1215 NS + 45
/home/tools/cadence/installs/INCISIVE152/tools/methodology/UVM/CDNS-1.1d/sv/src/base/uvm_root.svh:457     $finish;
ncsim> exit
TOOL:	irun(64)	15.20-s086: Exiting on Feb 19, 2025 at 15:01:15 -03  (total: 00:00:12)
